<?xml version="1.0" encoding="UTF-8"?>
<!-- Generated by org.testng.reporters.JUnitXMLReporter -->
<testsuite hostname="LAPTOP-F6E9TQVT" ignored="0" name="Default test" tests="16" failures="0" timestamp="2020-03-11T15:04:51 IST" time="37.017" errors="0">
  <testcase name="login_btn" time="0.25" classname="souled.souled"/>
  <testcase name="login" time="0.548" classname="souled.souled"/>
  <testcase name="login_pass" time="0.288" classname="souled.souled"/>
  <testcase name="search" time="0.191" classname="souled.souled"/>
  <testcase name="select_item" time="11.24" classname="souled.souled"/>
  <testcase name="add_to_cart" time="0.151" classname="souled.souled"/>
  <testcase name="share" time="1.982" classname="souled.souled"/>
  <testcase name="quantity" time="0.045" classname="souled.souled"/>
  <testcase name="pro_des" time="0.133" classname="souled.souled"/>
  <testcase name="pro_material" time="0.067" classname="souled.souled"/>
  <testcase name="pro_detail" time="0.036" classname="souled.souled"/>
  <testcase name="wash_care" time="0.028" classname="souled.souled"/>
  <testcase name="sizing" time="0.026" classname="souled.souled"/>
  <testcase name="del_pro" time="0.098" classname="souled.souled"/>
  <testcase name="del_time" time="0.041" classname="souled.souled"/>
  <testcase name="side_bar" time="0.024" classname="souled.souled"/>
</testsuite> <!-- Default test -->
