<?xml version="1.0" encoding="UTF-8"?>
<!-- Generated by org.testng.reporters.JUnitXMLReporter -->
<testsuite hostname="LAPTOP-F6E9TQVT" ignored="0" name="Default test" tests="6" failures="0" timestamp="2020-03-10T16:27:08 IST" time="269.143" errors="0">
  <testcase name="login_btn" time="19.877" classname="souled.souled"/>
  <testcase name="login" time="3.71" classname="souled.souled"/>
  <testcase name="login_pass" time="1.048" classname="souled.souled"/>
  <testcase name="search" time="0.15" classname="souled.souled"/>
  <testcase name="select_item" time="44.627" classname="souled.souled"/>
  <testcase name="buy_now" time="2.66" classname="souled.souled"/>
</testsuite> <!-- Default test -->
