<?xml version="1.0" encoding="UTF-8"?>
<testng-results skipped="0" failed="0" ignored="0" total="14" passed="14">
  <reporter-output>
  </reporter-output>
  <suite name="Default suite" duration-ms="37310" started-at="2020-03-11T14:37:43 IST" finished-at="2020-03-11T14:38:20 IST">
    <groups>
    </groups>
    <test name="Default test" duration-ms="37310" started-at="2020-03-11T14:37:43 IST" finished-at="2020-03-11T14:38:20 IST">
      <class name="souled.souled">
        <test-method status="PASS" signature="configure()[pri:0, instance:souled.souled@6c3708b3]" name="configure" is-config="true" duration-ms="17888" started-at="2020-03-11T14:37:43 IST" finished-at="2020-03-11T14:38:00 IST">
          <reporter-output>
          </reporter-output>
        </test-method> <!-- configure -->
        <test-method status="PASS" signature="login_btn()[pri:0, instance:souled.souled@6c3708b3]" name="login_btn" duration-ms="552" started-at="2020-03-11T14:38:00 IST" finished-at="2020-03-11T14:38:01 IST">
          <reporter-output>
          </reporter-output>
        </test-method> <!-- login_btn -->
        <test-method status="PASS" signature="login()[pri:1, instance:souled.souled@6c3708b3]" name="login" duration-ms="2047" started-at="2020-03-11T14:38:01 IST" finished-at="2020-03-11T14:38:03 IST">
          <reporter-output>
          </reporter-output>
        </test-method> <!-- login -->
        <test-method status="PASS" signature="login_pass()[pri:2, instance:souled.souled@6c3708b3]" name="login_pass" duration-ms="402" started-at="2020-03-11T14:38:03 IST" finished-at="2020-03-11T14:38:03 IST">
          <reporter-output>
          </reporter-output>
        </test-method> <!-- login_pass -->
        <test-method status="PASS" signature="search()[pri:3, instance:souled.souled@6c3708b3]" name="search" duration-ms="184" started-at="2020-03-11T14:38:03 IST" finished-at="2020-03-11T14:38:04 IST">
          <reporter-output>
          </reporter-output>
        </test-method> <!-- search -->
        <test-method status="PASS" signature="select_item()[pri:4, instance:souled.souled@6c3708b3]" name="select_item" duration-ms="13866" started-at="2020-03-11T14:38:04 IST" finished-at="2020-03-11T14:38:18 IST">
          <reporter-output>
          </reporter-output>
        </test-method> <!-- select_item -->
        <test-method status="PASS" signature="add_to_cart()[pri:5, instance:souled.souled@6c3708b3]" name="add_to_cart" duration-ms="186" started-at="2020-03-11T14:38:18 IST" finished-at="2020-03-11T14:38:18 IST">
          <reporter-output>
          </reporter-output>
        </test-method> <!-- add_to_cart -->
        <test-method status="PASS" signature="share()[pri:6, instance:souled.souled@6c3708b3]" name="share" duration-ms="1475" started-at="2020-03-11T14:38:18 IST" finished-at="2020-03-11T14:38:19 IST">
          <reporter-output>
          </reporter-output>
        </test-method> <!-- share -->
        <test-method status="PASS" signature="quantity()[pri:7, instance:souled.souled@6c3708b3]" name="quantity" duration-ms="184" started-at="2020-03-11T14:38:19 IST" finished-at="2020-03-11T14:38:19 IST">
          <reporter-output>
          </reporter-output>
        </test-method> <!-- quantity -->
        <test-method status="PASS" signature="pro_des()[pri:8, instance:souled.souled@6c3708b3]" name="pro_des" duration-ms="246" started-at="2020-03-11T14:38:19 IST" finished-at="2020-03-11T14:38:20 IST">
          <reporter-output>
          </reporter-output>
        </test-method> <!-- pro_des -->
        <test-method status="PASS" signature="pro_material()[pri:9, instance:souled.souled@6c3708b3]" name="pro_material" duration-ms="31" started-at="2020-03-11T14:38:20 IST" finished-at="2020-03-11T14:38:20 IST">
          <reporter-output>
          </reporter-output>
        </test-method> <!-- pro_material -->
        <test-method status="PASS" signature="pro_detail()[pri:10, instance:souled.souled@6c3708b3]" name="pro_detail" duration-ms="29" started-at="2020-03-11T14:38:20 IST" finished-at="2020-03-11T14:38:20 IST">
          <reporter-output>
          </reporter-output>
        </test-method> <!-- pro_detail -->
        <test-method status="PASS" signature="wash_care()[pri:11, instance:souled.souled@6c3708b3]" name="wash_care" duration-ms="35" started-at="2020-03-11T14:38:20 IST" finished-at="2020-03-11T14:38:20 IST">
          <reporter-output>
          </reporter-output>
        </test-method> <!-- wash_care -->
        <test-method status="PASS" signature="sizing()[pri:12, instance:souled.souled@6c3708b3]" name="sizing" duration-ms="30" started-at="2020-03-11T14:38:20 IST" finished-at="2020-03-11T14:38:20 IST">
          <reporter-output>
          </reporter-output>
        </test-method> <!-- sizing -->
        <test-method status="PASS" signature="del_pro()[pri:13, instance:souled.souled@6c3708b3]" name="del_pro" duration-ms="37" started-at="2020-03-11T14:38:20 IST" finished-at="2020-03-11T14:38:20 IST">
          <reporter-output>
          </reporter-output>
        </test-method> <!-- del_pro -->
      </class> <!-- souled.souled -->
    </test> <!-- Default test -->
  </suite> <!-- Default suite -->
</testng-results>
